<?xml version="1.0" encoding="UTF-8"?>
<!-- Generated by org.testng.reporters.JUnitReportReporter -->
<testsuite hostname="IP4-826" name="Log4jTest.Log4jTest" tests="1" failures="0" timestamp="15 Apr 2016 11:26:58 GMT" time="66.251" errors="1">
  <testcase name="f" time="66.251" classname="Log4jTest.Log4jTest">
    <error type="org.openqa.selenium.WebDriverException" message="Failed to connect to binary FirefoxBinary(C:\Program Files\Mozilla Firefox\firefox.exe) on port 7055; process output follows: 
ient Security Manager&quot;,&quot;description&quot;:&quot;PruÅ¾a bezbedno i praktiÄ�no prijavljivanje na veb-sajtove&quot;,&quot;creator&quot;:null,&quot;homepageURL&quot;:null},{&quot;locales&quot;:[&quot;sv&quot;],&quot;name&quot;:&quot;HP Client Security Manager&quot;,&quot;description&quot;:&quot;GÃ¶r det mÃ¶jligt att logga in sÃ¤kert och bekvÃ¤mt pÃ¥ olika webbplatser&quot;,&quot;creator&quot;:null,&quot;homepageURL&quot;:null},{&quot;locales&quot;:[&quot;th&quot;],&quot;name&quot;:&quot;HP Client Security Manager&quot;,&quot;description&quot;:&quot;à¸ªà¸²à¸¡à¸²à¸£à¸–à¸¥à¹‡à¸­à¸�à¸­à¸­à¸™à¹€à¸‚à¹‰à¸²à¹€à¸§à¹‡à¸šà¹„à¸‹à¸•à¹Œà¹„à¸”à¹‰à¸­à¸¢à¹ˆà¸²à¸‡à¸ªà¸°à¸”à¸§à¸�à¹�à¸¥à¸°à¸›à¸¥à¸­à¸”à¸ à¸±à¸¢&quot;,&quot;creator&quot;:null,&quot;homepageURL&quot;:null},{&quot;locales&quot;:[&quot;tr&quot;],&quot;name&quot;:&quot;HP Client Security Manager&quot;,&quot;description&quot;:&quot;Web sitelerinde gÃ¼venli ve rahat oturum aÃ§ma saÄŸlar&quot;,&quot;creator&quot;:null,&quot;homepageURL&quot;:null},{&quot;locales&quot;:[&quot;zh-CN&quot;],&quot;name&quot;:&quot;HP Client Security Manager&quot;,&quot;description&quot;:&quot;ä¸º Web ç½‘ç«™æ��ä¾›å®‰å…¨ä¸”æ–¹ä¾¿çš„ç™»å½•&quot;,&quot;creator&quot;:null,&quot;homepageURL&quot;:null},{&quot;locales&quot;:[&quot;zh-TW&quot;],&quot;name&quot;:&quot;HP Client Security Manager&quot;,&quot;description&quot;:&quot;æ��ä¾›å®‰å…¨å�ˆæ–¹ä¾¿çš„ç¶²ç«™ç™»å…¥&quot;,&quot;creator&quot;:null,&quot;homepageURL&quot;:null}],&quot;targetApplications&quot;:[{&quot;id&quot;:&quot;{ec8030f7-c20a-464f-9b0e-13a3a9e97384}&quot;,&quot;minVersion&quot;:&quot;19.0&quot;,&quot;maxVersion&quot;:&quot;20.*&quot;}],&quot;targetPlatforms&quot;:[],&quot;multiprocessCompatible&quot;:false,&quot;signedState&quot;:0,&quot;seen&quot;:true}
1460719562008	DeferredSave.extensions.json	DEBUG	Save changes
1460719562008	addons.xpi	DEBUG	Updating database with changes to installed add-ons
1460719562008	addons.xpi-utils	DEBUG	Updating add-on states
1460719562011	addons.xpi-utils	DEBUG	Writing add-ons list
1460719562029	addons.xpi	DEBUG	Registering manifest for C:\Program Files\Mozilla Firefox\browser\features\loop@mozilla.org.xpi
1460719562030	addons.xpi	DEBUG	Calling bootstrap method startup on loop@mozilla.org version 1.1.14
1460719562082	addons.manager	DEBUG	Starting provider: &lt;unnamed-provider&gt;
1460719562082	addons.manager	DEBUG	Registering shutdown blocker for &lt;unnamed-provider&gt;
1460719562082	addons.manager	DEBUG	Provider finished startup: &lt;unnamed-provider&gt;
1460719562103	addons.xpi	DEBUG	Registering manifest for C:\Program Files\Mozilla Firefox\browser\extensions\{82AF8DCA-6DE9-405D-BD5E-43525BDAD38A}.xpi
1460719562104	addons.xpi	DEBUG	Calling bootstrap method startup on {82AF8DCA-6DE9-405D-BD5E-43525BDAD38A} version 8.0.0.9103
1460719562189	addons.manager	DEBUG	Registering shutdown blocker for XPIProvider
1460719562189	addons.manager	DEBUG	Provider finished startup: XPIProvider
1460719562189	addons.manager	DEBUG	Starting provider: LightweightThemeManager
1460719562189	addons.manager	DEBUG	Registering shutdown blocker for LightweightThemeManager
1460719562189	addons.manager	DEBUG	Provider finished startup: LightweightThemeManager
1460719562190	addons.manager	DEBUG	Starting provider: GMPProvider
1460719562201	addons.manager	DEBUG	Registering shutdown blocker for GMPProvider
1460719562201	addons.manager	DEBUG	Provider finished startup: GMPProvider
1460719562201	addons.manager	DEBUG	Starting provider: PluginProvider
1460719562202	addons.manager	DEBUG	Registering shutdown blocker for PluginProvider
1460719562202	addons.manager	DEBUG	Provider finished startup: PluginProvider
1460719562202	addons.manager	DEBUG	Completed startup sequence
1460719565525	DeferredSave.extensions.json	DEBUG	Write succeeded
1460719565525	addons.xpi-utils	DEBUG	XPI Database saved, setting schema version preference to 17
1460719565525	DeferredSave.extensions.json	DEBUG	Starting timer
1460719565557	DeferredSave.extensions.json	DEBUG	Starting write
1460719565582	addons.repository	DEBUG	No addons.json found.
1460719565582	DeferredSave.addons.json	DEBUG	Save changes
1460719565597	DeferredSave.addons.json	DEBUG	Starting timer
1460719566133	addons.manager	DEBUG	Starting provider: PreviousExperimentProvider
1460719566133	addons.manager	DEBUG	Registering shutdown blocker for PreviousExperimentProvider
1460719566133	addons.manager	DEBUG	Provider finished startup: PreviousExperimentProvider
1460719566135	DeferredSave.addons.json	DEBUG	Starting write
1460719566523	DeferredSave.extensions.json	DEBUG	Write succeeded
1460719569282	DeferredSave.addons.json	DEBUG	Write succeeded

Build info: version: &#039;2.48.2&#039;, revision: &#039;41bccdd&#039;, time: &#039;2015-10-09 19:55:52&#039;
System info: host: &#039;IP4-826&#039;, ip: &#039;192.169.81.106&#039;, os.name: &#039;Windows 7&#039;, os.arch: &#039;x86&#039;, os.version: &#039;6.1&#039;, java.version: &#039;1.8.0_65&#039;
Driver info: driver.version: FirefoxDriver">
      <![CDATA[org.openqa.selenium.WebDriverException: Failed to connect to binary FirefoxBinary(C:\Program Files\Mozilla Firefox\firefox.exe) on port 7055; process output follows: 
ient Security Manager","description":"PruÅ¾a bezbedno i praktiÄ�no prijavljivanje na veb-sajtove","creator":null,"homepageURL":null},{"locales":["sv"],"name":"HP Client Security Manager","description":"GÃ¶r det mÃ¶jligt att logga in sÃ¤kert och bekvÃ¤mt pÃ¥ olika webbplatser","creator":null,"homepageURL":null},{"locales":["th"],"name":"HP Client Security Manager","description":"à¸ªà¸²à¸¡à¸²à¸£à¸–à¸¥à¹‡à¸­à¸�à¸­à¸­à¸™à¹€à¸‚à¹‰à¸²à¹€à¸§à¹‡à¸šà¹„à¸‹à¸•à¹Œà¹„à¸”à¹‰à¸­à¸¢à¹ˆà¸²à¸‡à¸ªà¸°à¸”à¸§à¸�à¹�à¸¥à¸°à¸›à¸¥à¸­à¸”à¸ à¸±à¸¢","creator":null,"homepageURL":null},{"locales":["tr"],"name":"HP Client Security Manager","description":"Web sitelerinde gÃ¼venli ve rahat oturum aÃ§ma saÄŸlar","creator":null,"homepageURL":null},{"locales":["zh-CN"],"name":"HP Client Security Manager","description":"ä¸º Web ç½‘ç«™æ��ä¾›å®‰å…¨ä¸”æ–¹ä¾¿çš„ç™»å½•","creator":null,"homepageURL":null},{"locales":["zh-TW"],"name":"HP Client Security Manager","description":"æ��ä¾›å®‰å…¨å�ˆæ–¹ä¾¿çš„ç¶²ç«™ç™»å…¥","creator":null,"homepageURL":null}],"targetApplications":[{"id":"{ec8030f7-c20a-464f-9b0e-13a3a9e97384}","minVersion":"19.0","maxVersion":"20.*"}],"targetPlatforms":[],"multiprocessCompatible":false,"signedState":0,"seen":true}
1460719562008	DeferredSave.extensions.json	DEBUG	Save changes
1460719562008	addons.xpi	DEBUG	Updating database with changes to installed add-ons
1460719562008	addons.xpi-utils	DEBUG	Updating add-on states
1460719562011	addons.xpi-utils	DEBUG	Writing add-ons list
1460719562029	addons.xpi	DEBUG	Registering manifest for C:\Program Files\Mozilla Firefox\browser\features\loop@mozilla.org.xpi
1460719562030	addons.xpi	DEBUG	Calling bootstrap method startup on loop@mozilla.org version 1.1.14
1460719562082	addons.manager	DEBUG	Starting provider: <unnamed-provider>
1460719562082	addons.manager	DEBUG	Registering shutdown blocker for <unnamed-provider>
1460719562082	addons.manager	DEBUG	Provider finished startup: <unnamed-provider>
1460719562103	addons.xpi	DEBUG	Registering manifest for C:\Program Files\Mozilla Firefox\browser\extensions\{82AF8DCA-6DE9-405D-BD5E-43525BDAD38A}.xpi
1460719562104	addons.xpi	DEBUG	Calling bootstrap method startup on {82AF8DCA-6DE9-405D-BD5E-43525BDAD38A} version 8.0.0.9103
1460719562189	addons.manager	DEBUG	Registering shutdown blocker for XPIProvider
1460719562189	addons.manager	DEBUG	Provider finished startup: XPIProvider
1460719562189	addons.manager	DEBUG	Starting provider: LightweightThemeManager
1460719562189	addons.manager	DEBUG	Registering shutdown blocker for LightweightThemeManager
1460719562189	addons.manager	DEBUG	Provider finished startup: LightweightThemeManager
1460719562190	addons.manager	DEBUG	Starting provider: GMPProvider
1460719562201	addons.manager	DEBUG	Registering shutdown blocker for GMPProvider
1460719562201	addons.manager	DEBUG	Provider finished startup: GMPProvider
1460719562201	addons.manager	DEBUG	Starting provider: PluginProvider
1460719562202	addons.manager	DEBUG	Registering shutdown blocker for PluginProvider
1460719562202	addons.manager	DEBUG	Provider finished startup: PluginProvider
1460719562202	addons.manager	DEBUG	Completed startup sequence
1460719565525	DeferredSave.extensions.json	DEBUG	Write succeeded
1460719565525	addons.xpi-utils	DEBUG	XPI Database saved, setting schema version preference to 17
1460719565525	DeferredSave.extensions.json	DEBUG	Starting timer
1460719565557	DeferredSave.extensions.json	DEBUG	Starting write
1460719565582	addons.repository	DEBUG	No addons.json found.
1460719565582	DeferredSave.addons.json	DEBUG	Save changes
1460719565597	DeferredSave.addons.json	DEBUG	Starting timer
1460719566133	addons.manager	DEBUG	Starting provider: PreviousExperimentProvider
1460719566133	addons.manager	DEBUG	Registering shutdown blocker for PreviousExperimentProvider
1460719566133	addons.manager	DEBUG	Provider finished startup: PreviousExperimentProvider
1460719566135	DeferredSave.addons.json	DEBUG	Starting write
1460719566523	DeferredSave.extensions.json	DEBUG	Write succeeded
1460719569282	DeferredSave.addons.json	DEBUG	Write succeeded

Build info: version: '2.48.2', revision: '41bccdd', time: '2015-10-09 19:55:52'
System info: host: 'IP4-826', ip: '192.169.81.106', os.name: 'Windows 7', os.arch: 'x86', os.version: '6.1', java.version: '1.8.0_65'
Driver info: driver.version: FirefoxDriver
	at org.openqa.selenium.firefox.internal.NewProfileExtensionConnection.start(NewProfileExtensionConnection.java:134)
	at org.openqa.selenium.firefox.FirefoxDriver.startClient(FirefoxDriver.java:271)
	at org.openqa.selenium.remote.RemoteWebDriver.<init>(RemoteWebDriver.java:117)
	at org.openqa.selenium.firefox.FirefoxDriver.<init>(FirefoxDriver.java:218)
	at org.openqa.selenium.firefox.FirefoxDriver.<init>(FirefoxDriver.java:211)
	at org.openqa.selenium.firefox.FirefoxDriver.<init>(FirefoxDriver.java:207)
	at org.openqa.selenium.firefox.FirefoxDriver.<init>(FirefoxDriver.java:120)
	at Log4jTest.Log4jTest.f(Log4jTest.java:21)
	at sun.reflect.NativeMethodAccessorImpl.invoke0(Native Method)
	at sun.reflect.NativeMethodAccessorImpl.invoke(Unknown Source)
	at sun.reflect.DelegatingMethodAccessorImpl.invoke(Unknown Source)
	at java.lang.reflect.Method.invoke(Unknown Source)
	at org.testng.internal.MethodInvocationHelper.invokeMethod(MethodInvocationHelper.java:85)
	at org.testng.internal.Invoker.invokeMethod(Invoker.java:639)
	at org.testng.internal.Invoker.invokeTestMethod(Invoker.java:821)
	at org.testng.internal.Invoker.invokeTestMethods(Invoker.java:1131)
	at org.testng.internal.TestMethodWorker.invokeTestMethods(TestMethodWorker.java:124)
	at org.testng.internal.TestMethodWorker.run(TestMethodWorker.java:108)
	at org.testng.TestRunner.privateRun(TestRunner.java:773)
	at org.testng.TestRunner.run(TestRunner.java:623)
	at org.testng.SuiteRunner.runTest(SuiteRunner.java:357)
	at org.testng.SuiteRunner.runSequentially(SuiteRunner.java:352)
	at org.testng.SuiteRunner.privateRun(SuiteRunner.java:310)
	at org.testng.SuiteRunner.run(SuiteRunner.java:259)
	at org.testng.SuiteRunnerWorker.runSuite(SuiteRunnerWorker.java:52)
	at org.testng.SuiteRunnerWorker.run(SuiteRunnerWorker.java:86)
	at org.testng.TestNG.runSuitesSequentially(TestNG.java:1185)
	at org.testng.TestNG.runSuitesLocally(TestNG.java:1110)
	at org.testng.TestNG.run(TestNG.java:1018)
	at org.testng.remote.RemoteTestNG.run(RemoteTestNG.java:111)
	at org.testng.remote.RemoteTestNG.initAndRun(RemoteTestNG.java:204)
	at org.testng.remote.RemoteTestNG.main(RemoteTestNG.java:175)
Caused by: org.openqa.selenium.firefox.NotConnectedException: Unable to connect to host 127.0.0.1 on port 7055 after 45000 ms. Firefox console output:
ient Security Manager","description":"PruÅ¾a bezbedno i praktiÄ�no prijavljivanje na veb-sajtove","creator":null,"homepageURL":null},{"locales":["sv"],"name":"HP Client Security Manager","description":"GÃ¶r det mÃ¶jligt att logga in sÃ¤kert och bekvÃ¤mt pÃ¥ olika webbplatser","creator":null,"homepageURL":null},{"locales":["th"],"name":"HP Client Security Manager","description":"à¸ªà¸²à¸¡à¸²à¸£à¸–à¸¥à¹‡à¸­à¸�à¸­à¸­à¸™à¹€à¸‚à¹‰à¸²à¹€à¸§à¹‡à¸šà¹„à¸‹à¸•à¹Œà¹„à¸”à¹‰à¸­à¸¢à¹ˆà¸²à¸‡à¸ªà¸°à¸”à¸§à¸�à¹�à¸¥à¸°à¸›à¸¥à¸­à¸”à¸ à¸±à¸¢","creator":null,"homepageURL":null},{"locales":["tr"],"name":"HP Client Security Manager","description":"Web sitelerinde gÃ¼venli ve rahat oturum aÃ§ma saÄŸlar","creator":null,"homepageURL":null},{"locales":["zh-CN"],"name":"HP Client Security Manager","description":"ä¸º Web ç½‘ç«™æ��ä¾›å®‰å…¨ä¸”æ–¹ä¾¿çš„ç™»å½•","creator":null,"homepageURL":null},{"locales":["zh-TW"],"name":"HP Client Security Manager","description":"æ��ä¾›å®‰å…¨å�ˆæ–¹ä¾¿çš„ç¶²ç«™ç™»å…¥","creator":null,"homepageURL":null}],"targetApplications":[{"id":"{ec8030f7-c20a-464f-9b0e-13a3a9e97384}","minVersion":"19.0","maxVersion":"20.*"}],"targetPlatforms":[],"multiprocessCompatible":false,"signedState":0,"seen":true}
1460719562008	DeferredSave.extensions.json	DEBUG	Save changes
1460719562008	addons.xpi	DEBUG	Updating database with changes to installed add-ons
1460719562008	addons.xpi-utils	DEBUG	Updating add-on states
1460719562011	addons.xpi-utils	DEBUG	Writing add-ons list
1460719562029	addons.xpi	DEBUG	Registering manifest for C:\Program Files\Mozilla Firefox\browser\features\loop@mozilla.org.xpi
1460719562030	addons.xpi	DEBUG	Calling bootstrap method startup on loop@mozilla.org version 1.1.14
1460719562082	addons.manager	DEBUG	Starting provider: <unnamed-provider>
1460719562082	addons.manager	DEBUG	Registering shutdown blocker for <unnamed-provider>
1460719562082	addons.manager	DEBUG	Provider finished startup: <unnamed-provider>
1460719562103	addons.xpi	DEBUG	Registering manifest for C:\Program Files\Mozilla Firefox\browser\extensions\{82AF8DCA-6DE9-405D-BD5E-43525BDAD38A}.xpi
1460719562104	addons.xpi	DEBUG	Calling bootstrap method startup on {82AF8DCA-6DE9-405D-BD5E-43525BDAD38A} version 8.0.0.9103
1460719562189	addons.manager	DEBUG	Registering shutdown blocker for XPIProvider
1460719562189	addons.manager	DEBUG	Provider finished startup: XPIProvider
1460719562189	addons.manager	DEBUG	Starting provider: LightweightThemeManager
1460719562189	addons.manager	DEBUG	Registering shutdown blocker for LightweightThemeManager
1460719562189	addons.manager	DEBUG	Provider finished startup: LightweightThemeManager
1460719562190	addons.manager	DEBUG	Starting provider: GMPProvider
1460719562201	addons.manager	DEBUG	Registering shutdown blocker for GMPProvider
1460719562201	addons.manager	DEBUG	Provider finished startup: GMPProvider
1460719562201	addons.manager	DEBUG	Starting provider: PluginProvider
1460719562202	addons.manager	DEBUG	Registering shutdown blocker for PluginProvider
1460719562202	addons.manager	DEBUG	Provider finished startup: PluginProvider
1460719562202	addons.manager	DEBUG	Completed startup sequence
1460719565525	DeferredSave.extensions.json	DEBUG	Write succeeded
1460719565525	addons.xpi-utils	DEBUG	XPI Database saved, setting schema version preference to 17
1460719565525	DeferredSave.extensions.json	DEBUG	Starting timer
1460719565557	DeferredSave.extensions.json	DEBUG	Starting write
1460719565582	addons.repository	DEBUG	No addons.json found.
1460719565582	DeferredSave.addons.json	DEBUG	Save changes
1460719565597	DeferredSave.addons.json	DEBUG	Starting timer
1460719566133	addons.manager	DEBUG	Starting provider: PreviousExperimentProvider
1460719566133	addons.manager	DEBUG	Registering shutdown blocker for PreviousExperimentProvider
1460719566133	addons.manager	DEBUG	Provider finished startup: PreviousExperimentProvider
1460719566135	DeferredSave.addons.json	DEBUG	Starting write
1460719566523	DeferredSave.extensions.json	DEBUG	Write succeeded
1460719569282	DeferredSave.addons.json	DEBUG	Write succeeded

	at org.openqa.selenium.firefox.internal.NewProfileExtensionConnection.start(NewProfileExtensionConnection.java:122)
	... 31 more
]]>
    </error>
  </testcase> <!-- f -->
</testsuite> <!-- Log4jTest.Log4jTest -->
