<?xml version="1.0" encoding="UTF-8"?>
<!-- Generated by org.testng.reporters.JUnitReportReporter -->
<testsuite hostname="IP4-826" name="Log4jTest.Log4jTest$Log4j" tests="1" failures="0" timestamp="15 Apr 2016 11:37:51 GMT" time="33.389" errors="0">
  <testcase name="main" time="33.389" classname="Log4jTest.Log4jTest$Log4j"/>
</testsuite> <!-- Log4jTest.Log4jTest$Log4j -->
